{"/Users/kay/program/ts/sample/src/index.ts": {"path":"/Users/kay/program/ts/sample/src/index.ts","statementMap":{"0":{"start":{"line":6,"column":4},"end":{"line":6,"column":21}},"1":{"start":{"line":11,"column":4},"end":{"line":11,"column":21}},"2":{"start":{"line":15,"column":4},"end":{"line":18,"column":19}},"3":{"start":{"line":15,"column":40},"end":{"line":15,"column":58}},"4":{"start":{"line":16,"column":9},"end":{"line":18,"column":19}},"5":{"start":{"line":16,"column":28},"end":{"line":16,"column":42}},"6":{"start":{"line":17,"column":9},"end":{"line":18,"column":19}},"7":{"start":{"line":17,"column":28},"end":{"line":17,"column":42}},"8":{"start":{"line":18,"column":9},"end":{"line":18,"column":19}},"9":{"start":{"line":1,"column":0},"end":{"line":1,"column":13}}},"fnMap":{"0":{"name":"(anonymous_0)","decl":{"start":{"line":5,"column":2},"end":{"line":5,"column":14}},"loc":{"start":{"line":5,"column":26},"end":{"line":8,"column":3}}},"1":{"name":"(anonymous_1)","decl":{"start":{"line":10,"column":2},"end":{"line":10,"column":13}},"loc":{"start":{"line":10,"column":13},"end":{"line":12,"column":3}}},"2":{"name":"(anonymous_2)","decl":{"start":{"line":14,"column":2},"end":{"line":14,"column":15}},"loc":{"start":{"line":14,"column":27},"end":{"line":19,"column":3}}}},"branchMap":{"0":{"loc":{"start":{"line":15,"column":4},"end":{"line":18,"column":19}},"type":"if","locations":[{"start":{"line":15,"column":4},"end":{"line":18,"column":19}},{"start":{"line":15,"column":4},"end":{"line":18,"column":19}}]},"1":{"loc":{"start":{"line":15,"column":8},"end":{"line":15,"column":21}},"type":"binary-expr","locations":[{"start":{"line":15,"column":8},"end":{"line":15,"column":21}},{"start":{"line":15,"column":25},"end":{"line":15,"column":38}}]},"2":{"loc":{"start":{"line":16,"column":9},"end":{"line":18,"column":19}},"type":"if","locations":[{"start":{"line":16,"column":9},"end":{"line":18,"column":19}},{"start":{"line":16,"column":9},"end":{"line":18,"column":19}}]},"3":{"loc":{"start":{"line":17,"column":9},"end":{"line":18,"column":19}},"type":"if","locations":[{"start":{"line":17,"column":9},"end":{"line":18,"column":19}},{"start":{"line":17,"column":9},"end":{"line":18,"column":19}}]}},"s":{"0":2,"1":1,"2":4,"3":1,"4":3,"5":1,"6":2,"7":1,"8":1,"9":1},"f":{"0":2,"1":1,"2":4},"b":{"0":[1,3],"1":[4,2],"2":[1,2],"3":[1,1]}}
}
